
Showing logs for build [32mcb-kubecd-environment-pr-198-34-lmmtb-1[0m stage [32mfrom-build-pack[0m and container [32mstep-credential-initializer-vk5zd[0m
{"level":"warn","ts":1586512291.4476213,"logger":"fallback-logger","caller":"logging/config.go:69","msg":"Fetch GitHub commit ID from kodata failed: \"ref: refs/heads/0.8.0-**-support-backwards-incompats\" is not a valid GitHub commit ID"}
{"level":"info","ts":1586512291.4483087,"logger":"fallback-logger","caller":"creds-init/main.go:40","msg":"Credentials initialized."}

Showing logs for build [32mcb-kubecd-environment-pr-198-34-lmmtb-1[0m stage [32mfrom-build-pack[0m and container [32mstep-working-dir-initializer-b574c[0m
{"level":"warn","ts":1586512292.2600005,"logger":"fallback-logger","caller":"logging/config.go:69","msg":"Fetch GitHub commit ID from kodata failed: open /var/run/ko/HEAD: no such file or directory"}
{"level":"info","ts":1586512292.26226,"logger":"fallback-logger","caller":"bash/main.go:64","msg":"Successfully executed command \"sh -c mkdir -p /workspace/source\"; output "}

Showing logs for build [32mcb-kubecd-environment-pr-198-34-lmmtb-1[0m stage [32mfrom-build-pack[0m and container [32mstep-place-tools[0m

Showing logs for build [32mcb-kubecd-environment-pr-198-34-lmmtb-1[0m stage [32mfrom-build-pack[0m and container [32mstep-git-source-cb-kubecd-environment-pr-198-34-lmmtb-6m8b5[0m
{"level":"warn","ts":1586512321.3460934,"logger":"fallback-logger","caller":"logging/config.go:69","msg":"Fetch GitHub commit ID from kodata failed: \"ref: refs/heads/0.8.0-**-support-backwards-incompats\" is not a valid GitHub commit ID"}
{"level":"info","ts":1586512322.9721682,"logger":"fallback-logger","caller":"git/git.go:103","msg":"Successfully cloned https://github.com/cb-kubecd/environment-pr-198-34-boot-vault-gke-staging.git @ master in path /workspace/source"}

Showing logs for build [32mcb-kubecd-environment-pr-198-34-lmmtb-1[0m stage [32mfrom-build-pack[0m and container [32mstep-git-merge[0m
Using SHAs from PULL_REFS=master:b5c2b3b8a2a3e988188e47bfc497990e6cbd95a9,4:df7f94afd472e04003513cbf4f246e723b594156
DEBUG: LC_ALL=C JX_LOG_LEVEL=error git fetch origin --unshallow df7f94afd472e04003513cbf4f246e723b594156: b5c2b3b8a2a3e988188e47bfc497990e6cbd95a9:
DEBUG: ran git fetch --unshallow origin df7f94afd472e04003513cbf4f246e723b594156: b5c2b3b8a2a3e988188e47bfc497990e6cbd95a9: in 
DEBUG: LC_ALL=C JX_LOG_LEVEL=error git branch
DEBUG: LC_ALL=C JX_LOG_LEVEL=error git checkout master
DEBUG: ran git checkout master in 
DEBUG: LC_ALL=C JX_LOG_LEVEL=error git reset --hard b5c2b3b8a2a3e988188e47bfc497990e6cbd95a9
DEBUG: ran git reset --hard b5c2b3b8a2a3e988188e47bfc497990e6cbd95a9 in 
DEBUG: LC_ALL=C JX_LOG_LEVEL=error git clean -fd .
DEBUG: ran clean --force -d . in 
DEBUG: JX_LOG_LEVEL=error LC_ALL=C git merge df7f94afd472e04003513cbf4f246e723b594156
DEBUG: ran git merge df7f94afd472e04003513cbf4f246e723b594156 in 
DEBUG: LC_ALL=C JX_LOG_LEVEL=error git log --format=%H%x1f%an%x1f%ae%x1f%cn%x1f%ce%x1f%s%n%b%x1e b5c2b3b8a2a3e988188e47bfc497990e6cbd95a9..HEAD
Merged SHA df7f94afd472e04003513cbf4f246e723b594156 with commit message 'chore: Promote bdd-gh-1586509315 to version 0.0.1' into base branch master

Showing logs for build [32mcb-kubecd-environment-pr-198-34-lmmtb-1[0m stage [32mfrom-build-pack[0m and container [32mstep-build-helm-build[0m
WARNING: No $CHART_REPOSITORY defined so using the default value of: http://jenkins-x-chartmuseum:8080
Adding missing Helm repo: storage.googleapis.com https://storage.googleapis.com/chartmuseum.jenkins-x.io
WARNING: No secrets found on "helm/repos" due: reading the secret "helm/repos" from vault: no secret "helm/repos" not found in vault
Read credentials for https://storage.googleapis.com/chartmuseum.jenkins-x.io from vault helm/repos
Successfully added Helm repository storage.googleapis.com.
Adding missing Helm repo: jenkins-x-chartmuseum http://jenkins-x-chartmuseum:8080
WARNING: No secrets found on "helm/repos" due: reading the secret "helm/repos" from vault: no secret "helm/repos" not found in vault
Read credentials for http://jenkins-x-chartmuseum:8080 from vault helm/repos
Successfully added Helm repository jenkins-x-chartmuseum.
WARNING: No $CHART_REPOSITORY defined so using the default value of: http://jenkins-x-chartmuseum:8080
Adding missing Helm repo: chartmuseum.jenkins-x.io http://chartmuseum.jenkins-x.io
WARNING: No secrets found on "helm/repos" due: reading the secret "helm/repos" from vault: no secret "helm/repos" not found in vault
Read credentials for http://chartmuseum.jenkins-x.io from vault helm/repos
Successfully added Helm repository chartmuseum.jenkins-x.io.
