
Showing logs for build [32mcb-kubecd-environment-pr-198-34-trnsj-1[0m stage [32mfrom-build-pack[0m and container [32mstep-credential-initializer-nv8n4[0m
{"level":"warn","ts":1586511086.2861152,"logger":"fallback-logger","caller":"logging/config.go:69","msg":"Fetch GitHub commit ID from kodata failed: \"ref: refs/heads/0.8.0-**-support-backwards-incompats\" is not a valid GitHub commit ID"}
{"level":"info","ts":1586511086.2865546,"logger":"fallback-logger","caller":"creds-init/main.go:40","msg":"Credentials initialized."}

Showing logs for build [32mcb-kubecd-environment-pr-198-34-trnsj-1[0m stage [32mfrom-build-pack[0m and container [32mstep-working-dir-initializer-txq4c[0m
{"level":"warn","ts":1586511087.0739315,"logger":"fallback-logger","caller":"logging/config.go:69","msg":"Fetch GitHub commit ID from kodata failed: open /var/run/ko/HEAD: no such file or directory"}
{"level":"info","ts":1586511087.0760834,"logger":"fallback-logger","caller":"bash/main.go:64","msg":"Successfully executed command \"sh -c mkdir -p /workspace/source\"; output "}

Showing logs for build [32mcb-kubecd-environment-pr-198-34-trnsj-1[0m stage [32mfrom-build-pack[0m and container [32mstep-place-tools[0m

Showing logs for build [32mcb-kubecd-environment-pr-198-34-trnsj-1[0m stage [32mfrom-build-pack[0m and container [32mstep-git-source-cb-kubecd-environment-pr-198-34-trnsj-4dlpm[0m
{"level":"warn","ts":1586511091.310532,"logger":"fallback-logger","caller":"logging/config.go:69","msg":"Fetch GitHub commit ID from kodata failed: \"ref: refs/heads/0.8.0-**-support-backwards-incompats\" is not a valid GitHub commit ID"}
{"level":"info","ts":1586511092.3359013,"logger":"fallback-logger","caller":"git/git.go:103","msg":"Successfully cloned https://github.com/cb-kubecd/environment-pr-198-34-boot-vault-gke-staging.git @ master in path /workspace/source"}

Showing logs for build [32mcb-kubecd-environment-pr-198-34-trnsj-1[0m stage [32mfrom-build-pack[0m and container [32mstep-git-merge[0m
Using SHAs from PULL_REFS=master:363eb926d118f8fe79b2b5f28fbd2d4556226129,3:0272ecbb634921409c70d2bd30fed6131b6d0309
DEBUG: LC_ALL=C JX_LOG_LEVEL=error git fetch origin --unshallow 0272ecbb634921409c70d2bd30fed6131b6d0309: 363eb926d118f8fe79b2b5f28fbd2d4556226129:
DEBUG: ran git fetch --unshallow origin 0272ecbb634921409c70d2bd30fed6131b6d0309: 363eb926d118f8fe79b2b5f28fbd2d4556226129: in 
DEBUG: LC_ALL=C JX_LOG_LEVEL=error git branch
DEBUG: LC_ALL=C JX_LOG_LEVEL=error git checkout master
DEBUG: ran git checkout master in 
DEBUG: LC_ALL=C JX_LOG_LEVEL=error git reset --hard 363eb926d118f8fe79b2b5f28fbd2d4556226129
DEBUG: ran git reset --hard 363eb926d118f8fe79b2b5f28fbd2d4556226129 in 
DEBUG: LC_ALL=C JX_LOG_LEVEL=error git clean -fd .
DEBUG: ran clean --force -d . in 
DEBUG: LC_ALL=C JX_LOG_LEVEL=error git merge 0272ecbb634921409c70d2bd30fed6131b6d0309
DEBUG: ran git merge 0272ecbb634921409c70d2bd30fed6131b6d0309 in 
DEBUG: LC_ALL=C JX_LOG_LEVEL=error git log --format=%H%x1f%an%x1f%ae%x1f%cn%x1f%ce%x1f%s%n%b%x1e 363eb926d118f8fe79b2b5f28fbd2d4556226129..HEAD
Merged SHA 0272ecbb634921409c70d2bd30fed6131b6d0309 with commit message 'chore: Promote bdd-nh-1586509315 to version 0.0.1' into base branch master

Showing logs for build [32mcb-kubecd-environment-pr-198-34-trnsj-1[0m stage [32mfrom-build-pack[0m and container [32mstep-build-helm-build[0m
WARNING: No $CHART_REPOSITORY defined so using the default value of: http://jenkins-x-chartmuseum:8080
Adding missing Helm repo: storage.googleapis.com https://storage.googleapis.com/chartmuseum.jenkins-x.io
WARNING: No secrets found on "helm/repos" due: reading the secret "helm/repos" from vault: no secret "helm/repos" not found in vault
Read credentials for https://storage.googleapis.com/chartmuseum.jenkins-x.io from vault helm/repos
Successfully added Helm repository storage.googleapis.com.
Adding missing Helm repo: jenkins-x-chartmuseum http://jenkins-x-chartmuseum:8080
WARNING: No secrets found on "helm/repos" due: reading the secret "helm/repos" from vault: no secret "helm/repos" not found in vault
Read credentials for http://jenkins-x-chartmuseum:8080 from vault helm/repos
Successfully added Helm repository jenkins-x-chartmuseum.
WARNING: No $CHART_REPOSITORY defined so using the default value of: http://jenkins-x-chartmuseum:8080
Adding missing Helm repo: chartmuseum.jenkins-x.io http://chartmuseum.jenkins-x.io
WARNING: No secrets found on "helm/repos" due: reading the secret "helm/repos" from vault: no secret "helm/repos" not found in vault
Read credentials for http://chartmuseum.jenkins-x.io from vault helm/repos
Successfully added Helm repository chartmuseum.jenkins-x.io.
